<?xml version="1.0" encoding="UTF-8"?>
<!-- Generated by org.testng.reporters.JUnitReportReporter -->
<testsuite hostname="hms-update4" name="SamplePackage.PDFTextVerify" tests="1" failures="1" timestamp="28 Mar 2017 07:16:12 GMT" time="2.382" errors="0">
  <testcase name="fn_verifyPDFContent" time="2.382" classname="SamplePackage.PDFTextVerify">
    <failure type="java.lang.NoClassDefFoundError" message="org/apache/fontbox/afm/AFMParser">
      <![CDATA[java.lang.NoClassDefFoundError: org/apache/fontbox/afm/AFMParser
	at org.apache.pdfbox.pdmodel.font.PDFont.addAdobeFontMetric(PDFont.java:165)
	at org.apache.pdfbox.pdmodel.font.PDFont.addAdobeFontMetric(PDFont.java:152)
	at org.apache.pdfbox.pdmodel.font.PDFont.getAdobeFontMetrics(PDFont.java:122)
	at org.apache.pdfbox.pdmodel.font.PDFont.<clinit>(PDFont.java:114)
	at org.apache.pdfbox.pdmodel.font.PDFontFactory.createFont(PDFontFactory.java:108)
	at org.apache.pdfbox.pdmodel.PDResources.getFonts(PDResources.java:213)
	at org.apache.pdfbox.util.PDFStreamEngine.getFonts(PDFStreamEngine.java:607)
	at org.apache.pdfbox.util.operator.SetTextFont.process(SetTextFont.java:59)
	at org.apache.pdfbox.util.PDFStreamEngine.processOperator(PDFStreamEngine.java:557)
	at org.apache.pdfbox.util.PDFStreamEngine.processSubStream(PDFStreamEngine.java:268)
	at org.apache.pdfbox.util.PDFStreamEngine.processSubStream(PDFStreamEngine.java:235)
	at org.apache.pdfbox.util.PDFStreamEngine.processStream(PDFStreamEngine.java:215)
	at org.apache.pdfbox.util.PDFTextStripper.processPage(PDFTextStripper.java:460)
	at org.apache.pdfbox.util.PDFTextStripper.processPages(PDFTextStripper.java:385)
	at org.apache.pdfbox.util.PDFTextStripper.writeText(PDFTextStripper.java:344)
	at org.apache.pdfbox.util.PDFTextStripper.getText(PDFTextStripper.java:275)
	at SamplePackage.PDFTextVerify.fn_verifyPDFContent(PDFTextVerify.java:50)
	at sun.reflect.NativeMethodAccessorImpl.invoke0(Native Method)
	at sun.reflect.NativeMethodAccessorImpl.invoke(Unknown Source)
	at sun.reflect.DelegatingMethodAccessorImpl.invoke(Unknown Source)
	at java.lang.reflect.Method.invoke(Unknown Source)
	at org.testng.internal.MethodInvocationHelper.invokeMethod(MethodInvocationHelper.java:84)
	at org.testng.internal.Invoker.invokeMethod(Invoker.java:714)
	at org.testng.internal.Invoker.invokeTestMethod(Invoker.java:901)
	at org.testng.internal.Invoker.invokeTestMethods(Invoker.java:1231)
	at org.testng.internal.TestMethodWorker.invokeTestMethods(TestMethodWorker.java:127)
	at org.testng.internal.TestMethodWorker.run(TestMethodWorker.java:111)
	at org.testng.TestRunner.privateRun(TestRunner.java:767)
	at org.testng.TestRunner.run(TestRunner.java:617)
	at org.testng.SuiteRunner.runTest(SuiteRunner.java:334)
	at org.testng.SuiteRunner.runSequentially(SuiteRunner.java:329)
	at org.testng.SuiteRunner.privateRun(SuiteRunner.java:291)
	at org.testng.SuiteRunner.run(SuiteRunner.java:240)
	at org.testng.SuiteRunnerWorker.runSuite(SuiteRunnerWorker.java:52)
	at org.testng.SuiteRunnerWorker.run(SuiteRunnerWorker.java:86)
	at org.testng.TestNG.runSuitesSequentially(TestNG.java:1224)
	at org.testng.TestNG.runSuitesLocally(TestNG.java:1149)
	at org.testng.TestNG.run(TestNG.java:1057)
	at org.testng.remote.AbstractRemoteTestNG.run(AbstractRemoteTestNG.java:132)
	at org.testng.remote.RemoteTestNG.initAndRun(RemoteTestNG.java:236)
	at org.testng.remote.RemoteTestNG.main(RemoteTestNG.java:81)
Caused by: java.lang.ClassNotFoundException: org.apache.fontbox.afm.AFMParser
	at java.net.URLClassLoader.findClass(Unknown Source)
	at java.lang.ClassLoader.loadClass(Unknown Source)
	at sun.misc.Launcher$AppClassLoader.loadClass(Unknown Source)
	at java.lang.ClassLoader.loadClass(Unknown Source)
	... 41 more
]]>
    </failure>
  </testcase> <!-- fn_verifyPDFContent -->
</testsuite> <!-- SamplePackage.PDFTextVerify -->
