<?xml version="1.0" encoding="UTF-8"?>
<!-- Generated by org.testng.reporters.JUnitReportReporter -->
<testsuite hostname="hms-update4" name="SamplePackage.SampleTest" tests="4" failures="0" timestamp="1 Mar 2017 13:03:55 GMT" time="6.819" errors="0">
  <testcase name="testParameterWithXML1" time="1.263" classname="SamplePackage.SampleTest"/>
  <testcase name="testParameterWithXML" time="2.377" classname="SamplePackage.SampleTest"/>
  <testcase name="testParameterWithXML" time="2.172" classname="SamplePackage.SampleTest"/>
  <testcase name="testParameterWithXML1" time="1.007" classname="SamplePackage.SampleTest"/>
</testsuite> <!-- SamplePackage.SampleTest -->
