<?xml version="1.0" encoding="UTF-8"?>
<!-- Generated by org.testng.reporters.JUnitReportReporter -->
<testsuite hostname="hms-update4" name="SamplePackage.SampleTest1" tests="4" failures="0" timestamp="1 Mar 2017 13:03:55 GMT" time="6.033" errors="0">
  <testcase name="testParameterWithXML2" time="2.347" classname="SamplePackage.SampleTest1"/>
  <testcase name="testParameterWithXML3" time="0.932" classname="SamplePackage.SampleTest1"/>
  <testcase name="testParameterWithXML3" time="1.157" classname="SamplePackage.SampleTest1"/>
  <testcase name="testParameterWithXML2" time="1.597" classname="SamplePackage.SampleTest1"/>
</testsuite> <!-- SamplePackage.SampleTest1 -->
